c:\users\chhatra\source\repos\openglpratice\x64\debug\vc142.pdb
c:\users\chhatra\source\repos\openglpratice\x64\debug\vc142.idb
c:\users\chhatra\source\repos\openglpratice\x64\debug\zmatrix.obj
c:\users\chhatra\source\repos\openglpratice\x64\debug\vbo.obj
c:\users\chhatra\source\repos\openglpratice\x64\debug\vao.obj
c:\users\chhatra\source\repos\openglpratice\x64\debug\texture.obj
c:\users\chhatra\source\repos\openglpratice\x64\debug\stb.obj
c:\users\chhatra\source\repos\openglpratice\x64\debug\shaderclass.obj
c:\users\chhatra\source\repos\openglpratice\x64\debug\parser.obj
c:\users\chhatra\source\repos\openglpratice\x64\debug\main.obj
c:\users\chhatra\source\repos\openglpratice\x64\debug\ebo.obj
c:\users\chhatra\source\repos\openglpratice\x64\debug\camera.obj
c:\users\chhatra\source\repos\openglpratice\x64\debug\glad.obj
c:\users\chhatra\source\repos\openglpratice\x64\debug\openglpratice.exe
c:\users\chhatra\source\repos\openglpratice\x64\debug\openglpratice.ilk
c:\users\chhatra\source\repos\openglpratice\x64\debug\openglpratice.pdb
c:\users\chhatra\source\repos\openglpratice\x64\debug\openglpratice.tlog\cl.command.1.tlog
c:\users\chhatra\source\repos\openglpratice\x64\debug\openglpratice.tlog\cl.read.1.tlog
c:\users\chhatra\source\repos\openglpratice\x64\debug\openglpratice.tlog\cl.write.1.tlog
c:\users\chhatra\source\repos\openglpratice\x64\debug\openglpratice.tlog\link.command.1.tlog
c:\users\chhatra\source\repos\openglpratice\x64\debug\openglpratice.tlog\link.read.1.tlog
c:\users\chhatra\source\repos\openglpratice\x64\debug\openglpratice.tlog\link.write.1.tlog
